==PROF== Target process 140584 terminated before first instrumented API call.
==PROF== Connected to process 140567 (/usr/bin/python3.8)
Net(
  (conv1): Conv2d(1, 32, kernel_size=(3, 3), stride=(1, 1))
  (conv2): Conv2d(32, 76, kernel_size=(3, 3), stride=(1, 1))
  (dropout1): Dropout(p=0.25, inplace=False)
  (dropout2): Dropout(p=0.5, inplace=False)
  (fc1): Linear(in_features=10944, out_features=128, bias=True)
  (fc2): Linear(in_features=128, out_features=10, bias=True)
)
Train Epoch: 1 [0/60000 (0%)]	Loss: 2.302320
==PROF== Target process 141782 terminated before first instrumented API call.

Test set: Average loss: 2.2090, Accuracy: 1029/10000 (10%)

==PROF== Target process 143218 terminated before first instrumented API call.
==PROF== Profiling "nchwToNhwcKernel" - 1: 0%....50%....100% - 1 pass
==PROF== Profiling "nchwToNhwcKernel" - 2: 0%....50%....100% - 1 pass
==PROF== Profiling "sm80_xmma_fprop_implicit_gemm..." - 3: 0%....50%....100% - 1 pass
==PROF== Profiling "elementwise_kernel" - 4: 0%....50%....100% - 1 pass
2 0
2 0
Train Epoch: 2 [0/60000 (0%)]	Loss: 2.317225
==PROF== Target process 143656 terminated before first instrumented API call.

Test set: Average loss: 2.1191, Accuracy: 1032/10000 (10%)

==PROF== Target process 144094 terminated before first instrumented API call.
==PROF== Disconnected from process 140567
[140567] python3.8@127.0.0.1
  void cudnn::ops::nchwToNhwcKernel<float, float, float, (bool)0, (bool)1, (cudnnKernelDataType_t)2>(cudnn::ops::nchw2nhwc_params_t<T3>, const T1 *, T2 *), 2022-Nov-04 22:49:24, Context 1, Stream 7
    Section: Command line profiler metrics
    ---------------------------------------------------------------------- --------------- ------------------------------
    smsp__sass_thread_inst_executed_op_fadd_pred_on.avg                               inst                              0
    smsp__sass_thread_inst_executed_op_fadd_pred_on.max                               inst                              0
    smsp__sass_thread_inst_executed_op_fadd_pred_on.min                               inst                              0
    smsp__sass_thread_inst_executed_op_fadd_pred_on.sum                               inst                              0
    smsp__sass_thread_inst_executed_op_ffma_pred_on.avg                               inst                              0
    smsp__sass_thread_inst_executed_op_ffma_pred_on.max                               inst                              0
    smsp__sass_thread_inst_executed_op_ffma_pred_on.min                               inst                              0
    smsp__sass_thread_inst_executed_op_ffma_pred_on.sum                               inst                              0
    smsp__sass_thread_inst_executed_op_fmul_pred_on.avg                               inst                       12818.96
    smsp__sass_thread_inst_executed_op_fmul_pred_on.max                               inst                          18240
    smsp__sass_thread_inst_executed_op_fmul_pred_on.min                               inst                           7456
    smsp__sass_thread_inst_executed_op_fmul_pred_on.sum                               inst                        5537792
    ---------------------------------------------------------------------- --------------- ------------------------------

  void cudnn::ops::nchwToNhwcKernel<float, float, float, (bool)0, (bool)1, (cudnnKernelDataType_t)2>(cudnn::ops::nchw2nhwc_params_t<T3>, const T1 *, T2 *), 2022-Nov-04 22:49:25, Context 1, Stream 7
    Section: Command line profiler metrics
    ---------------------------------------------------------------------- --------------- ------------------------------
    smsp__sass_thread_inst_executed_op_fadd_pred_on.avg                               inst                              0
    smsp__sass_thread_inst_executed_op_fadd_pred_on.max                               inst                              0
    smsp__sass_thread_inst_executed_op_fadd_pred_on.min                               inst                              0
    smsp__sass_thread_inst_executed_op_fadd_pred_on.sum                               inst                              0
    smsp__sass_thread_inst_executed_op_ffma_pred_on.avg                               inst                              0
    smsp__sass_thread_inst_executed_op_ffma_pred_on.max                               inst                              0
    smsp__sass_thread_inst_executed_op_ffma_pred_on.min                               inst                              0
    smsp__sass_thread_inst_executed_op_ffma_pred_on.sum                               inst                              0
    smsp__sass_thread_inst_executed_op_fmul_pred_on.avg                               inst                          50.67
    smsp__sass_thread_inst_executed_op_fmul_pred_on.max                               inst                             96
    smsp__sass_thread_inst_executed_op_fmul_pred_on.min                               inst                              0
    smsp__sass_thread_inst_executed_op_fmul_pred_on.sum                               inst                          21888
    ---------------------------------------------------------------------- --------------- ------------------------------

  sm80_xmma_fprop_implicit_gemm_tf32f32_tf32f32_f32_nhwckrsc_nchw_tilesize128x128x16_stage4_warpsize2x2x1_g1_tensor16x8x8_kernel, 2022-Nov-04 22:49:25, Context 1, Stream 7
    Section: Command line profiler metrics
    ---------------------------------------------------------------------- --------------- ------------------------------
    smsp__sass_thread_inst_executed_op_fadd_pred_on.avg                               inst                       43690.67
    smsp__sass_thread_inst_executed_op_fadd_pred_on.max                               inst                          49152
    smsp__sass_thread_inst_executed_op_fadd_pred_on.min                               inst                          32768
    smsp__sass_thread_inst_executed_op_fadd_pred_on.sum                               inst                       18874368
    smsp__sass_thread_inst_executed_op_ffma_pred_on.avg                               inst                              0
    smsp__sass_thread_inst_executed_op_ffma_pred_on.max                               inst                              0
    smsp__sass_thread_inst_executed_op_ffma_pred_on.min                               inst                              0
    smsp__sass_thread_inst_executed_op_ffma_pred_on.sum                               inst                              0
    smsp__sass_thread_inst_executed_op_fmul_pred_on.avg                               inst                       43690.67
    smsp__sass_thread_inst_executed_op_fmul_pred_on.max                               inst                          49152
    smsp__sass_thread_inst_executed_op_fmul_pred_on.min                               inst                          32768
    smsp__sass_thread_inst_executed_op_fmul_pred_on.sum                               inst                       18874368
    ---------------------------------------------------------------------- --------------- ------------------------------

  void at::native::elementwise_kernel<(int)128, (int)2, void at::native::gpu_kernel_impl<at::native::CUDAFunctor_add<float>>(at::TensorIteratorBase &, const T1 &)::[lambda(int) (instance 1)]>(int, T3), 2022-Nov-04 22:49:25, Context 1, Stream 7
    Section: Command line profiler metrics
    ---------------------------------------------------------------------- --------------- ------------------------------
    smsp__sass_thread_inst_executed_op_fadd_pred_on.avg                               inst                              0
    smsp__sass_thread_inst_executed_op_fadd_pred_on.max                               inst                              0
    smsp__sass_thread_inst_executed_op_fadd_pred_on.min                               inst                              0
    smsp__sass_thread_inst_executed_op_fadd_pred_on.sum                               inst                              0
    smsp__sass_thread_inst_executed_op_ffma_pred_on.avg                               inst                       25941.33
    smsp__sass_thread_inst_executed_op_ffma_pred_on.max                               inst                          39872
    smsp__sass_thread_inst_executed_op_ffma_pred_on.min                               inst                          14016
    smsp__sass_thread_inst_executed_op_ffma_pred_on.sum                               inst                       11206656
    smsp__sass_thread_inst_executed_op_fmul_pred_on.avg                               inst                              0
    smsp__sass_thread_inst_executed_op_fmul_pred_on.max                               inst                              0
    smsp__sass_thread_inst_executed_op_fmul_pred_on.min                               inst                              0
    smsp__sass_thread_inst_executed_op_fmul_pred_on.sum                               inst                              0
    ---------------------------------------------------------------------- --------------- ------------------------------

