==PROF== Target process 144877 terminated before first instrumented API call.
==PROF== Connected to process 144868 (/usr/bin/python3.8)
Net(
  (conv1): Conv2d(1, 32, kernel_size=(3, 3), stride=(1, 1))
  (conv2): Conv2d(32, 76, kernel_size=(3, 3), stride=(1, 1))
  (dropout1): Dropout(p=0.25, inplace=False)
  (dropout2): Dropout(p=0.5, inplace=False)
  (fc1): Linear(in_features=10944, out_features=128, bias=True)
  (fc2): Linear(in_features=128, out_features=10, bias=True)
)
Train Epoch: 1 [0/60000 (0%)]	Loss: 2.310719
==PROF== Target process 146082 terminated before first instrumented API call.

Test set: Average loss: 2.0594, Accuracy: 1521/10000 (15%)

==PROF== Target process 147412 terminated before first instrumented API call.
==PROF== Profiling "nchwToNhwcKernel" - 1: 0%....50%....100% - 1 pass
==PROF== Profiling "nchwToNhwcKernel" - 2: 0%....50%....100% - 1 pass
==PROF== Profiling "Kernel" - 3: 0%....50%....100% - 1 pass
==PROF== Profiling "nhwcToNchwKernel" - 4: 0%....50%....100% - 1 pass
==PROF== Profiling "elementwise_kernel" - 5: 0%....50%....100% - 1 pass
2 0
2 0
Train Epoch: 2 [0/60000 (0%)]	Loss: 2.131161
==PROF== Target process 147850 terminated before first instrumented API call.

Test set: Average loss: 2.0996, Accuracy: 2265/10000 (23%)

==PROF== Target process 148342 terminated before first instrumented API call.
==PROF== Disconnected from process 144868
[144868] python3.8@127.0.0.1
  void cudnn::ops::nchwToNhwcKernel<float, float, float, (bool)0, (bool)1, (cudnnKernelDataType_t)2>(cudnn::ops::nchw2nhwc_params_t<T3>, const T1 *, T2 *), 2022-Nov-04 22:49:44, Context 1, Stream 7
    Section: Command line profiler metrics
    ---------------------------------------------------------------------- --------------- ------------------------------
    smsp__sass_thread_inst_executed_op_fadd_pred_on.avg                               inst                              0
    smsp__sass_thread_inst_executed_op_fadd_pred_on.max                               inst                              0
    smsp__sass_thread_inst_executed_op_fadd_pred_on.min                               inst                              0
    smsp__sass_thread_inst_executed_op_fadd_pred_on.sum                               inst                              0
    smsp__sass_thread_inst_executed_op_ffma_pred_on.avg                               inst                              0
    smsp__sass_thread_inst_executed_op_ffma_pred_on.max                               inst                              0
    smsp__sass_thread_inst_executed_op_ffma_pred_on.min                               inst                              0
    smsp__sass_thread_inst_executed_op_ffma_pred_on.sum                               inst                              0
    smsp__sass_thread_inst_executed_op_fmul_pred_on.avg                               inst                       25637.93
    smsp__sass_thread_inst_executed_op_fmul_pred_on.max                               inst                          38400
    smsp__sass_thread_inst_executed_op_fmul_pred_on.min                               inst                          14464
    smsp__sass_thread_inst_executed_op_fmul_pred_on.sum                               inst                       11075584
    ---------------------------------------------------------------------- --------------- ------------------------------

  void cudnn::ops::nchwToNhwcKernel<float, float, float, (bool)0, (bool)1, (cudnnKernelDataType_t)2>(cudnn::ops::nchw2nhwc_params_t<T3>, const T1 *, T2 *), 2022-Nov-04 22:49:44, Context 1, Stream 7
    Section: Command line profiler metrics
    ---------------------------------------------------------------------- --------------- ------------------------------
    smsp__sass_thread_inst_executed_op_fadd_pred_on.avg                               inst                              0
    smsp__sass_thread_inst_executed_op_fadd_pred_on.max                               inst                              0
    smsp__sass_thread_inst_executed_op_fadd_pred_on.min                               inst                              0
    smsp__sass_thread_inst_executed_op_fadd_pred_on.sum                               inst                              0
    smsp__sass_thread_inst_executed_op_ffma_pred_on.avg                               inst                              0
    smsp__sass_thread_inst_executed_op_ffma_pred_on.max                               inst                              0
    smsp__sass_thread_inst_executed_op_ffma_pred_on.min                               inst                              0
    smsp__sass_thread_inst_executed_op_ffma_pred_on.sum                               inst                              0
    smsp__sass_thread_inst_executed_op_fmul_pred_on.avg                               inst                          50.67
    smsp__sass_thread_inst_executed_op_fmul_pred_on.max                               inst                             96
    smsp__sass_thread_inst_executed_op_fmul_pred_on.min                               inst                              0
    smsp__sass_thread_inst_executed_op_fmul_pred_on.sum                               inst                          21888
    ---------------------------------------------------------------------- --------------- ------------------------------

  void cutlass_cudnn::Kernel<cutlass_tensorop_s1688fprop_optimized_tf32_128x128_16x4>(T1::Params), 2022-Nov-04 22:49:44, Context 1, Stream 7
    Section: Command line profiler metrics
    ---------------------------------------------------------------------- --------------- ------------------------------
    smsp__sass_thread_inst_executed_op_fadd_pred_on.avg                               inst                              0
    smsp__sass_thread_inst_executed_op_fadd_pred_on.max                               inst                              0
    smsp__sass_thread_inst_executed_op_fadd_pred_on.min                               inst                              0
    smsp__sass_thread_inst_executed_op_fadd_pred_on.sum                               inst                              0
    smsp__sass_thread_inst_executed_op_ffma_pred_on.avg                               inst                              0
    smsp__sass_thread_inst_executed_op_ffma_pred_on.max                               inst                              0
    smsp__sass_thread_inst_executed_op_ffma_pred_on.min                               inst                              0
    smsp__sass_thread_inst_executed_op_ffma_pred_on.sum                               inst                              0
    smsp__sass_thread_inst_executed_op_fmul_pred_on.avg                               inst                       87381.33
    smsp__sass_thread_inst_executed_op_fmul_pred_on.max                               inst                          90112
    smsp__sass_thread_inst_executed_op_fmul_pred_on.min                               inst                          81920
    smsp__sass_thread_inst_executed_op_fmul_pred_on.sum                               inst                       37748736
    ---------------------------------------------------------------------- --------------- ------------------------------

  void cudnn::ops::nhwcToNchwKernel<float, float, float, (bool)1, (bool)0, (cudnnKernelDataType_t)0>(cudnn::ops::nhwc2nchw_params_t<T3>, const T1 *, T2 *), 2022-Nov-04 22:49:44, Context 1, Stream 7
    Section: Command line profiler metrics
    ---------------------------------------------------------------------- --------------- ------------------------------
    smsp__sass_thread_inst_executed_op_fadd_pred_on.avg                               inst                              0
    smsp__sass_thread_inst_executed_op_fadd_pred_on.max                               inst                              0
    smsp__sass_thread_inst_executed_op_fadd_pred_on.min                               inst                              0
    smsp__sass_thread_inst_executed_op_fadd_pred_on.sum                               inst                              0
    smsp__sass_thread_inst_executed_op_ffma_pred_on.avg                               inst                              0
    smsp__sass_thread_inst_executed_op_ffma_pred_on.max                               inst                              0
    smsp__sass_thread_inst_executed_op_ffma_pred_on.min                               inst                              0
    smsp__sass_thread_inst_executed_op_ffma_pred_on.sum                               inst                              0
    smsp__sass_thread_inst_executed_op_fmul_pred_on.avg                               inst                       51882.67
    smsp__sass_thread_inst_executed_op_fmul_pred_on.max                               inst                          79168
    smsp__sass_thread_inst_executed_op_fmul_pred_on.min                               inst                          28000
    smsp__sass_thread_inst_executed_op_fmul_pred_on.sum                               inst                       22413312
    ---------------------------------------------------------------------- --------------- ------------------------------

  void at::native::elementwise_kernel<(int)128, (int)2, void at::native::gpu_kernel_impl<at::native::CUDAFunctor_add<float>>(at::TensorIteratorBase &, const T1 &)::[lambda(int) (instance 1)]>(int, T3), 2022-Nov-04 22:49:44, Context 1, Stream 7
    Section: Command line profiler metrics
    ---------------------------------------------------------------------- --------------- ------------------------------
    smsp__sass_thread_inst_executed_op_fadd_pred_on.avg                               inst                              0
    smsp__sass_thread_inst_executed_op_fadd_pred_on.max                               inst                              0
    smsp__sass_thread_inst_executed_op_fadd_pred_on.min                               inst                              0
    smsp__sass_thread_inst_executed_op_fadd_pred_on.sum                               inst                              0
    smsp__sass_thread_inst_executed_op_ffma_pred_on.avg                               inst                       51882.67
    smsp__sass_thread_inst_executed_op_ffma_pred_on.max                               inst                          79680
    smsp__sass_thread_inst_executed_op_ffma_pred_on.min                               inst                          26944
    smsp__sass_thread_inst_executed_op_ffma_pred_on.sum                               inst                       22413312
    smsp__sass_thread_inst_executed_op_fmul_pred_on.avg                               inst                              0
    smsp__sass_thread_inst_executed_op_fmul_pred_on.max                               inst                              0
    smsp__sass_thread_inst_executed_op_fmul_pred_on.min                               inst                              0
    smsp__sass_thread_inst_executed_op_fmul_pred_on.sum                               inst                              0
    ---------------------------------------------------------------------- --------------- ------------------------------

