==PROF== Target process 149901 terminated before first instrumented API call.
==PROF== Connected to process 149850 (/usr/bin/python3.8)
Net(
  (conv1): Conv2d(1, 32, kernel_size=(3, 3), stride=(1, 1))
  (conv2): Conv2d(32, 64, kernel_size=(3, 3), stride=(1, 1))
  (dropout1): Dropout(p=0.25, inplace=False)
  (dropout2): Dropout(p=0.5, inplace=False)
  (fc1): Linear(in_features=9216, out_features=128, bias=True)
  (fc2): Linear(in_features=128, out_features=10, bias=True)
)
Train Epoch: 1 [0/60000 (0%)]	Loss: 2.290105
==PROF== Target process 151077 terminated before first instrumented API call.

Test set: Average loss: 2.0885, Accuracy: 927/10000 (9%)

==PROF== Target process 152548 terminated before first instrumented API call.
==PROF== Profiling "nchwToNhwcKernel" - 1: 0%....50%....100% - 1 pass
==PROF== Profiling "nchwToNhwcKernel" - 2: 0%....50%....100% - 1 pass
==PROF== Profiling "sm80_xmma_fprop_implicit_gemm..." - 3: 0%....50%....100% - 1 pass
==PROF== Profiling "elementwise_kernel" - 4: 0%....50%....100% - 1 pass
2 0
2 0
Train Epoch: 2 [0/60000 (0%)]	Loss: 2.226596
==PROF== Target process 152933 terminated before first instrumented API call.
==PROF== Target process 153371 terminated before first instrumented API call.

Test set: Average loss: 2.0829, Accuracy: 3184/10000 (32%)

==PROF== Disconnected from process 149850
[149850] python3.8@127.0.0.1
  void cudnn::ops::nchwToNhwcKernel<float, float, float, (bool)0, (bool)1, (cudnnKernelDataType_t)2>(cudnn::ops::nchw2nhwc_params_t<T3>, const T1 *, T2 *), 2022-Nov-03 20:31:28, Context 1, Stream 7
    Section: Command line profiler metrics
    ---------------------------------------------------------------------- --------------- ------------------------------
    smsp__sass_thread_inst_executed_op_fadd_pred_on.avg                               inst                              0
    smsp__sass_thread_inst_executed_op_fadd_pred_on.max                               inst                              0
    smsp__sass_thread_inst_executed_op_fadd_pred_on.min                               inst                              0
    smsp__sass_thread_inst_executed_op_fadd_pred_on.sum                               inst                              0
    smsp__sass_thread_inst_executed_op_ffma_pred_on.avg                               inst                              0
    smsp__sass_thread_inst_executed_op_ffma_pred_on.max                               inst                              0
    smsp__sass_thread_inst_executed_op_ffma_pred_on.min                               inst                              0
    smsp__sass_thread_inst_executed_op_ffma_pred_on.sum                               inst                              0
    smsp__sass_thread_inst_executed_op_fmul_pred_on.avg                               inst                        6409.48
    smsp__sass_thread_inst_executed_op_fmul_pred_on.max                               inst                           7744
    smsp__sass_thread_inst_executed_op_fmul_pred_on.min                               inst                           4992
    smsp__sass_thread_inst_executed_op_fmul_pred_on.sum                               inst                        2768896
    ---------------------------------------------------------------------- --------------- ------------------------------

  void cudnn::ops::nchwToNhwcKernel<float, float, float, (bool)0, (bool)1, (cudnnKernelDataType_t)2>(cudnn::ops::nchw2nhwc_params_t<T3>, const T1 *, T2 *), 2022-Nov-03 20:31:28, Context 1, Stream 7
    Section: Command line profiler metrics
    ---------------------------------------------------------------------- --------------- ------------------------------
    smsp__sass_thread_inst_executed_op_fadd_pred_on.avg                               inst                              0
    smsp__sass_thread_inst_executed_op_fadd_pred_on.max                               inst                              0
    smsp__sass_thread_inst_executed_op_fadd_pred_on.min                               inst                              0
    smsp__sass_thread_inst_executed_op_fadd_pred_on.sum                               inst                              0
    smsp__sass_thread_inst_executed_op_ffma_pred_on.avg                               inst                              0
    smsp__sass_thread_inst_executed_op_ffma_pred_on.max                               inst                              0
    smsp__sass_thread_inst_executed_op_ffma_pred_on.min                               inst                              0
    smsp__sass_thread_inst_executed_op_ffma_pred_on.sum                               inst                              0
    smsp__sass_thread_inst_executed_op_fmul_pred_on.avg                               inst                          42.67
    smsp__sass_thread_inst_executed_op_fmul_pred_on.max                               inst                             96
    smsp__sass_thread_inst_executed_op_fmul_pred_on.min                               inst                              0
    smsp__sass_thread_inst_executed_op_fmul_pred_on.sum                               inst                          18432
    ---------------------------------------------------------------------- --------------- ------------------------------

  sm80_xmma_fprop_implicit_gemm_tf32f32_tf32f32_f32_nhwckrsc_nchw_tilesize128x128x16_stage4_warpsize2x2x1_g1_tensor16x8x8_kernel, 2022-Nov-03 20:31:28, Context 1, Stream 7
    Section: Command line profiler metrics
    ---------------------------------------------------------------------- --------------- ------------------------------
    smsp__sass_thread_inst_executed_op_fadd_pred_on.avg                               inst                       21845.33
    smsp__sass_thread_inst_executed_op_fadd_pred_on.max                               inst                          24576
    smsp__sass_thread_inst_executed_op_fadd_pred_on.min                               inst                          16384
    smsp__sass_thread_inst_executed_op_fadd_pred_on.sum                               inst                        9437184
    smsp__sass_thread_inst_executed_op_ffma_pred_on.avg                               inst                              0
    smsp__sass_thread_inst_executed_op_ffma_pred_on.max                               inst                              0
    smsp__sass_thread_inst_executed_op_ffma_pred_on.min                               inst                              0
    smsp__sass_thread_inst_executed_op_ffma_pred_on.sum                               inst                              0
    smsp__sass_thread_inst_executed_op_fmul_pred_on.avg                               inst                       21845.33
    smsp__sass_thread_inst_executed_op_fmul_pred_on.max                               inst                          24576
    smsp__sass_thread_inst_executed_op_fmul_pred_on.min                               inst                          16384
    smsp__sass_thread_inst_executed_op_fmul_pred_on.sum                               inst                        9437184
    ---------------------------------------------------------------------- --------------- ------------------------------

  void at::native::elementwise_kernel<(int)128, (int)2, void at::native::gpu_kernel_impl<at::native::CUDAFunctor_add<float>>(at::TensorIteratorBase &, const T1 &)::[lambda(int) (instance 1)]>(int, T3), 2022-Nov-03 20:31:28, Context 1, Stream 7
    Section: Command line profiler metrics
    ---------------------------------------------------------------------- --------------- ------------------------------
    smsp__sass_thread_inst_executed_op_fadd_pred_on.avg                               inst                              0
    smsp__sass_thread_inst_executed_op_fadd_pred_on.max                               inst                              0
    smsp__sass_thread_inst_executed_op_fadd_pred_on.min                               inst                              0
    smsp__sass_thread_inst_executed_op_fadd_pred_on.sum                               inst                              0
    smsp__sass_thread_inst_executed_op_ffma_pred_on.avg                               inst                       10922.67
    smsp__sass_thread_inst_executed_op_ffma_pred_on.max                               inst                          15488
    smsp__sass_thread_inst_executed_op_ffma_pred_on.min                               inst                           6528
    smsp__sass_thread_inst_executed_op_ffma_pred_on.sum                               inst                        4718592
    smsp__sass_thread_inst_executed_op_fmul_pred_on.avg                               inst                              0
    smsp__sass_thread_inst_executed_op_fmul_pred_on.max                               inst                              0
    smsp__sass_thread_inst_executed_op_fmul_pred_on.min                               inst                              0
    smsp__sass_thread_inst_executed_op_fmul_pred_on.sum                               inst                              0
    ---------------------------------------------------------------------- --------------- ------------------------------

