==PROF== Target process 132079 terminated before first instrumented API call.
==PROF== Connected to process 132076 (/usr/bin/python3.8)
Net(
  (conv1): Conv2d(1, 32, kernel_size=(3, 3), stride=(1, 1))
  (conv2): Conv2d(32, 76, kernel_size=(3, 3), stride=(1, 1))
  (dropout1): Dropout(p=0.25, inplace=False)
  (dropout2): Dropout(p=0.5, inplace=False)
  (fc1): Linear(in_features=10944, out_features=128, bias=True)
  (fc2): Linear(in_features=128, out_features=10, bias=True)
)
Train Epoch: 1 [0/60000 (0%)]	Loss: 2.309823
==PROF== Target process 133291 terminated before first instrumented API call.

Test set: Average loss: 2.8516, Accuracy: 892/10000 (9%)

==PROF== Target process 134616 terminated before first instrumented API call.
==PROF== Profiling "nchwToNhwcKernel" - 1: 0%....50%....100% - 1 pass
==PROF== Profiling "nchwToNhwcKernel" - 2: 0%....50%....100% - 1 pass
==PROF== Profiling "sm80_xmma_fprop_implicit_gemm..." - 3: 0%....50%....100% - 1 pass
==PROF== Profiling "elementwise_kernel" - 4: 0%....50%....100% - 1 pass
2 0
2 0
Train Epoch: 2 [0/60000 (0%)]	Loss: 3.113756
==PROF== Target process 135054 terminated before first instrumented API call.

Test set: Average loss: 2.2799, Accuracy: 2498/10000 (25%)

==PROF== Target process 135491 terminated before first instrumented API call.
==PROF== Disconnected from process 132076
[132076] python3.8@127.0.0.1
  void cudnn::ops::nchwToNhwcKernel<float, float, float, (bool)0, (bool)1, (cudnnKernelDataType_t)2>(cudnn::ops::nchw2nhwc_params_t<T3>, const T1 *, T2 *), 2022-Nov-04 22:48:46, Context 1, Stream 7
    Section: Command line profiler metrics
    ---------------------------------------------------------------------- --------------- ------------------------------
    smsp__sass_thread_inst_executed_op_fadd_pred_on.avg                               inst                              0
    smsp__sass_thread_inst_executed_op_fadd_pred_on.max                               inst                              0
    smsp__sass_thread_inst_executed_op_fadd_pred_on.min                               inst                              0
    smsp__sass_thread_inst_executed_op_fadd_pred_on.sum                               inst                              0
    smsp__sass_thread_inst_executed_op_ffma_pred_on.avg                               inst                              0
    smsp__sass_thread_inst_executed_op_ffma_pred_on.max                               inst                              0
    smsp__sass_thread_inst_executed_op_ffma_pred_on.min                               inst                              0
    smsp__sass_thread_inst_executed_op_ffma_pred_on.sum                               inst                              0
    smsp__sass_thread_inst_executed_op_fmul_pred_on.avg                               inst                        3204.74
    smsp__sass_thread_inst_executed_op_fmul_pred_on.max                               inst                           4096
    smsp__sass_thread_inst_executed_op_fmul_pred_on.min                               inst                           2304
    smsp__sass_thread_inst_executed_op_fmul_pred_on.sum                               inst                        1384448
    ---------------------------------------------------------------------- --------------- ------------------------------

  void cudnn::ops::nchwToNhwcKernel<float, float, float, (bool)0, (bool)1, (cudnnKernelDataType_t)2>(cudnn::ops::nchw2nhwc_params_t<T3>, const T1 *, T2 *), 2022-Nov-04 22:48:46, Context 1, Stream 7
    Section: Command line profiler metrics
    ---------------------------------------------------------------------- --------------- ------------------------------
    smsp__sass_thread_inst_executed_op_fadd_pred_on.avg                               inst                              0
    smsp__sass_thread_inst_executed_op_fadd_pred_on.max                               inst                              0
    smsp__sass_thread_inst_executed_op_fadd_pred_on.min                               inst                              0
    smsp__sass_thread_inst_executed_op_fadd_pred_on.sum                               inst                              0
    smsp__sass_thread_inst_executed_op_ffma_pred_on.avg                               inst                              0
    smsp__sass_thread_inst_executed_op_ffma_pred_on.max                               inst                              0
    smsp__sass_thread_inst_executed_op_ffma_pred_on.min                               inst                              0
    smsp__sass_thread_inst_executed_op_ffma_pred_on.sum                               inst                              0
    smsp__sass_thread_inst_executed_op_fmul_pred_on.avg                               inst                          50.67
    smsp__sass_thread_inst_executed_op_fmul_pred_on.max                               inst                             96
    smsp__sass_thread_inst_executed_op_fmul_pred_on.min                               inst                              0
    smsp__sass_thread_inst_executed_op_fmul_pred_on.sum                               inst                          21888
    ---------------------------------------------------------------------- --------------- ------------------------------

  sm80_xmma_fprop_implicit_gemm_tf32f32_tf32f32_f32_nhwckrsc_nchw_tilesize128x128x16_stage4_warpsize2x2x1_g1_tensor16x8x8_kernel, 2022-Nov-04 22:48:46, Context 1, Stream 7
    Section: Command line profiler metrics
    ---------------------------------------------------------------------- --------------- ------------------------------
    smsp__sass_thread_inst_executed_op_fadd_pred_on.avg                               inst                       10922.67
    smsp__sass_thread_inst_executed_op_fadd_pred_on.max                               inst                          16384
    smsp__sass_thread_inst_executed_op_fadd_pred_on.min                               inst                           8192
    smsp__sass_thread_inst_executed_op_fadd_pred_on.sum                               inst                        4718592
    smsp__sass_thread_inst_executed_op_ffma_pred_on.avg                               inst                              0
    smsp__sass_thread_inst_executed_op_ffma_pred_on.max                               inst                              0
    smsp__sass_thread_inst_executed_op_ffma_pred_on.min                               inst                              0
    smsp__sass_thread_inst_executed_op_ffma_pred_on.sum                               inst                              0
    smsp__sass_thread_inst_executed_op_fmul_pred_on.avg                               inst                       10922.67
    smsp__sass_thread_inst_executed_op_fmul_pred_on.max                               inst                          16384
    smsp__sass_thread_inst_executed_op_fmul_pred_on.min                               inst                           8192
    smsp__sass_thread_inst_executed_op_fmul_pred_on.sum                               inst                        4718592
    ---------------------------------------------------------------------- --------------- ------------------------------

  void at::native::elementwise_kernel<(int)128, (int)2, void at::native::gpu_kernel_impl<at::native::CUDAFunctor_add<float>>(at::TensorIteratorBase &, const T1 &)::[lambda(int) (instance 1)]>(int, T3), 2022-Nov-04 22:48:46, Context 1, Stream 7
    Section: Command line profiler metrics
    ---------------------------------------------------------------------- --------------- ------------------------------
    smsp__sass_thread_inst_executed_op_fadd_pred_on.avg                               inst                              0
    smsp__sass_thread_inst_executed_op_fadd_pred_on.max                               inst                              0
    smsp__sass_thread_inst_executed_op_fadd_pred_on.min                               inst                              0
    smsp__sass_thread_inst_executed_op_fadd_pred_on.sum                               inst                              0
    smsp__sass_thread_inst_executed_op_ffma_pred_on.avg                               inst                        6485.33
    smsp__sass_thread_inst_executed_op_ffma_pred_on.max                               inst                           9792
    smsp__sass_thread_inst_executed_op_ffma_pred_on.min                               inst                           3968
    smsp__sass_thread_inst_executed_op_ffma_pred_on.sum                               inst                        2801664
    smsp__sass_thread_inst_executed_op_fmul_pred_on.avg                               inst                              0
    smsp__sass_thread_inst_executed_op_fmul_pred_on.max                               inst                              0
    smsp__sass_thread_inst_executed_op_fmul_pred_on.min                               inst                              0
    smsp__sass_thread_inst_executed_op_fmul_pred_on.sum                               inst                              0
    ---------------------------------------------------------------------- --------------- ------------------------------

